PLINK v1.90b3.38 64-bit (7 Jun 2016)
Options in effect:
  --allow-extra-chr
  --genome full
  --out SNP
  --vcf Exophiala.Run1.selected_nofixed.SNP_CLEANING_Filter4step.vcf

Hostname: pelican
Working directory: /bigdata/stajichlab/shared/projects/Exophalia/Ex4_reference/snpEff_final_v/pairwise
Start time: Tue Oct  5 11:25:33 2021

Random number seed: 1633458333
64239 MB RAM detected; reserving 32119 MB for main workspace.
--vcf: SNP-temporary.bed + SNP-temporary.bim + SNP-temporary.fam written.
336 variants loaded from .bim file.
23 people (0 males, 0 females, 23 ambiguous) loaded from .fam.
Ambiguous sex IDs written to SNP.nosex .
Using up to 31 threads (change this with --threads).
Before main variant filters, 23 founders and 0 nonfounders present.
Calculating allele frequencies... done.
336 variants and 23 people pass filters and QC.
Note: No phenotypes present.
IBD calculations complete.
Finished writing SNP.genome .

End time: Tue Oct  5 11:25:33 2021
