	Ex23	Ex1	Ex10	Ex6	Ex19	Ex12	Ex3	Ex16	Ex14	Ex2	Ex4	Ex8	Ex11	Ex17	Ex18	Ex21	Ex5	Ex13	Ex9	Ex7	Ex22	Ex20	Ex15
Ex23	-
Ex1	36	-
Ex10	20	28	-
Ex6	19	28	0	-
Ex19	14	30	15	14	-
Ex12	34	10	24	23	27	-
Ex3	30	25	22	22	23	21	-
Ex16	16	31	13	12	8	26	22	-
Ex14	32	8	24	23	25	4	21	27	-
Ex2	33	8	26	24	27	6	22	28	4	-
Ex4	28	24	21	20	22	19	7	21	19	20	-
Ex8	27	23	21	19	22	20	4	21	20	19	3	-
Ex11	33	27	20	20	27	22	20	24	20	23	20	19	-
Ex17	12	30	10	9	8	26	22	6	26	27	20	19	23	-
Ex18	35	28	23	21	27	22	21	23	23	22	20	19	14	25	-
Ex21	32	27	21	21	27	24	21	26	22	23	21	18	15	24	10	-
Ex5	33	26	22	22	25	22	20	25	21	22	20	19	14	26	9	7	-
Ex13	31	25	21	20	24	19	20	23	19	21	18	19	11	23	11	13	11	-
Ex9	34	30	25	25	25	26	25	28	23	26	25	24	17	28	18	18	16	9	-
Ex7	11	28	11	10	4	23	21	4	23	25	19	20	23	3	23	25	23	20	25	-
Ex22	12	29	12	11	5	26	20	5	24	26	22	19	24	4	25	24	23	23	26	3	-
Ex20	35	29	25	24	29	23	24	28	23	24	21	22	16	27	6	11	10	12	18	24	27	-
Ex15	34	29	25	24	29	24	25	28	23	25	21	22	17	27	6	11	9	12	19	24	27	3	-
