	Ex18	Ex5	Ex6	Ex10	Ex23	Ex3	Ex1	Ex15	Ex20	Ex21	Ex19	Ex4	Ex8	Ex2	Ex11	Ex7	Ex14	Ex12	Ex9	Ex13	Ex16	Ex22	Ex17
Ex18	-
Ex5	138	-
Ex6	153	155	-
Ex10	155	155	2	-
Ex23	167	169	36	38	-
Ex3	127	129	50	50	64	-
Ex1	146	148	71	71	85	41	-
Ex15	40	110	189	187	203	163	180	-
Ex20	43	107	184	186	196	160	177	7	-
Ex21	96	62	141	139	151	115	134	66	65	-
Ex19	169	171	38	40	16	68	89	205	200	157	-
Ex4	127	129	52	52	66	4	43	163	160	115	68	-
Ex8	130	130	51	49	65	5	44	162	161	114	69	3	-
Ex2	149	151	74	72	84	44	7	181	180	129	92	46	45	-
Ex11	113	75	86	86	100	58	77	109	106	61	104	60	61	80	-
Ex7	171	173	42	42	18	70	91	205	202	157	12	70	69	92	106	-
Ex14	143	145	66	68	80	40	7	177	172	129	84	42	41	8	76	86	-
Ex12	147	149	72	72	82	42	9	181	178	129	90	44	45	6	78	92	6	-
Ex9	112	74	93	95	107	69	88	108	103	60	109	69	70	91	15	111	83	89	-
Ex13	114	76	95	95	109	69	88	110	107	62	113	71	70	91	15	115	85	89	6	-
Ex16	174	176	43	41	21	69	90	208	207	160	15	71	70	91	105	11	89	91	116	116	-
Ex22	172	174	41	41	15	67	88	208	205	154	13	69	70	85	103	11	85	83	114	114	8	-
Ex17	172	174	43	43	15	67	88	208	205	156	15	69	70	87	103	11	87	85	114	114	10	4	-


	Ex23	Ex1	Ex10	Ex6	Ex19	Ex12	Ex3	Ex16	Ex14	Ex2	Ex4	Ex8	Ex11	Ex17	Ex18	Ex21	Ex5	Ex13	Ex9	Ex7	Ex22	Ex20	Ex15
Ex23	-
Ex1	36	-
Ex10	20	28	-
Ex6	19	28	0	-
Ex19	14	30	15	14	-
Ex12	34	10	24	23	27	-
Ex3	30	25	22	22	23	21	-
Ex16	16	31	13	12	8	26	22	-
Ex14	32	8	24	23	25	4	21	27	-
Ex2	33	8	26	24	27	6	22	28	4	-
Ex4	28	24	21	20	22	19	7	21	19	20	-
Ex8	27	23	21	19	22	20	4	21	20	19	3	-
Ex11	33	27	20	20	27	22	20	24	20	23	20	19	-
Ex17	12	30	10	9	8	26	22	6	26	27	20	19	23	-
Ex18	35	28	23	21	27	22	21	23	23	22	20	19	14	25	-
Ex21	32	27	21	21	27	24	21	26	22	23	21	18	15	24	10	-
Ex5	33	26	22	22	25	22	20	25	21	22	20	19	14	26	9	7	-
Ex13	31	25	21	20	24	19	20	23	19	21	18	19	11	23	11	13	11	-
Ex9	34	30	25	25	25	26	25	28	23	26	25	24	17	28	18	18	16	-
Ex7	11	28	11	10	4	23	21	4	23	25	19	20	23	3	23	25	23	20	25	-
Ex22	12	29	12	11	5	26	20	5	24	26	22	19	24	4	25	24	23	23	26	3	-
Ex20	35	29	25	24	29	23	24	28	23	24	21	22	16	27	6	11	10	12	18	24	27	-
Ex15	34	29	25	24	29	24	25	28	23	25	21	22	17	27	6	11	9	12	19	24	27	3	-
