
CommandNotFoundError: Your shell has not been properly configured to use 'conda activate'.
To initialize your shell, run

    $ conda init <SHELL_NAME>

Currently supported shells are:
  - bash
  - fish
  - tcsh
  - xonsh
  - zsh
  - powershell

See 'conda init --help' for more information and options.

IMPORTANT: You may need to close and restart your shell after running 'conda init'.


00:00:00	SnpEff version SnpEff 5.0e (build 2021-03-09 06:01), by Pablo Cingolani
00:00:00	Command: 'eff'
00:00:00	Reading configuration file 'snpEff.config'. Genome: 'Exophiala_dermatitidis_Ex4'
00:00:00	Reading config file: /bigdata/stajichlab/shared/projects/Exophalia/Ex4_reference/snpEff_tryagain/snpEff.config
00:00:01	done
00:00:01	Reading database for genome version 'Exophiala_dermatitidis_Ex4' from file '/rhome/tkurb001/shared/projects/Exophalia/GATK_redo/snpEff_tryagain/data/Exophiala_dermatitidis_Ex4/snpEffectPredictor.bin' (this might take a while)
java.lang.RuntimeException: Database file '/rhome/tkurb001/shared/projects/Exophalia/GATK_redo/snpEff_tryagain/data/Exophiala_dermatitidis_Ex4/snpEffectPredictor.bin' is not compatible with this program version:
	Database version : '4.3'
	Program version  : '5.0'
Try installing the appropriate database.
	at org.snpeff.serializer.MarkerSerializer.load(MarkerSerializer.java:160)
	at org.snpeff.snpEffect.SnpEffectPredictor.load(SnpEffectPredictor.java:55)
	at org.snpeff.snpEffect.Config.loadSnpEffectPredictor(Config.java:590)
	at org.snpeff.SnpEff.loadDb(SnpEff.java:519)
	at org.snpeff.snpEffect.commandLine.SnpEffCmdEff.run(SnpEffCmdEff.java:940)
	at org.snpeff.snpEffect.commandLine.SnpEffCmdEff.run(SnpEffCmdEff.java:923)
	at org.snpeff.SnpEff.run(SnpEff.java:1188)
	at org.snpeff.SnpEff.main(SnpEff.java:168)
00:00:01	Logging
00:00:02	Checking for updates...
00:00:03	Done.
Traceback (most recent call last):
  File "../scripts/snpEff_2_tab.py", line 3, in <module>
    import vcf,re
ImportError: No module named vcf
