PLINK v1.90b3.38 64-bit (7 Jun 2016)
Options in effect:
  --allow-extra-chr
  --genome full
  --out INDEL
  --vcf Exophiala.Run1.selected.INDEL.vcf.gz

Hostname: pelican
Working directory: /bigdata/stajichlab/shared/projects/Exophalia/Ex4_reference/snpEff_final_v/pairwise
Start time: Sat Oct  2 21:53:32 2021

Random number seed: 1633236812
64239 MB RAM detected; reserving 32119 MB for main workspace.
--vcf: INDEL-temporary.bed + INDEL-temporary.bim + INDEL-temporary.fam written.
234 variants loaded from .bim file.
23 people (0 males, 0 females, 23 ambiguous) loaded from .fam.
Ambiguous sex IDs written to INDEL.nosex .
Using up to 31 threads (change this with --threads).
Before main variant filters, 23 founders and 0 nonfounders present.
Calculating allele frequencies... done.
Total genotyping rate is 0.767001.
234 variants and 23 people pass filters and QC.
Note: No phenotypes present.
IBD calculations complete.
Finished writing INDEL.genome .

End time: Sat Oct  2 21:53:32 2021
